
2020-07-16 14:45:09...installerHook: Info: custom/install/install_hooks.php not present, no custom hooks to execute
2020-07-16 14:45:13...installerHook: Info: custom/install/install_hooks.php not present, no custom hooks to execute
2020-07-16 14:45:58...installerHook: Info: custom/install/install_hooks.php not present, no custom hooks to execute
2020-07-16 14:45:59...installerHook: Info: custom/install/install_hooks.php not present, no custom hooks to execute
2020-07-16 14:46:25...Begin System Check Process *************
2020-07-16 14:46:25...XML Parsing Support Found
2020-07-16 14:46:25...MBString Support Found
2020-07-16 14:46:25...ZIP Support Found
2020-07-16 14:46:25.../custom directory and subdirectory check passed
2020-07-16 14:46:25...cache directory and subdirectory check passed
2020-07-16 14:46:27.../module  directory and subdirectory check passed
2020-07-16 14:46:27.../upload directory check passed
2020-07-16 14:46:27.../zip check passed
2020-07-16 14:46:27...PCRE version check passed
2020-07-16 14:46:27...installerHook: Info: custom/install/install_hooks.php not present, no custom hooks to execute
2020-07-16 14:46:27...php.ini location found. C:\PHP\php.ini
2020-07-16 14:46:27...Outputting HTML for System check
2020-07-16 14:46:27...No Errors were found *************
2020-07-16 14:46:27...installerHook: Info: custom/install/install_hooks.php not present, no custom hooks to execute
2020-07-16 14:46:34...installerHook: Info: custom/install/install_hooks.php not present, no custom hooks to execute
2020-07-16 14:48:36...Begin DB Check Process *************
2020-07-16 14:48:36...testing with mysql:mysqli
2020-07-16 14:48:36...Basic form info is valid, continuing Process.
2020-07-16 14:48:36...Testing user account...
2020-07-16 14:48:38...ERROR::  The provided database host, username, and/or password is invalid, and a connection to the database could not be established. Please enter a valid host, username and password
2020-07-16 14:48:38...FATAL:: errors have been detected!  User will not be allowed to continue.  Errors are as follow:
2020-07-16 14:48:38..... The provided database host, username, and/or password is invalid, and a connection to the database could not be established. Please enter a valid host, username and password
2020-07-16 14:48:38...End DB Check Process *************
2020-07-16 14:48:49...Begin DB Check Process *************
2020-07-16 14:48:49...testing with mysql:mysqli
2020-07-16 14:48:49...Basic form info is valid, continuing Process.
2020-07-16 14:48:49...Testing user account...
2020-07-16 14:48:49...ERROR::  The provided database host, username, and/or password is invalid, and a connection to the database could not be established. Please enter a valid host, username and password
2020-07-16 14:48:49...FATAL:: errors have been detected!  User will not be allowed to continue.  Errors are as follow:
2020-07-16 14:48:49..... The provided database host, username, and/or password is invalid, and a connection to the database could not be established. Please enter a valid host, username and password
2020-07-16 14:48:49...End DB Check Process *************
2020-07-16 14:51:58...Begin DB Check Process *************
2020-07-16 14:51:58...testing with mysql:mysqli
2020-07-16 14:51:58...Basic form info is valid, continuing Process.
2020-07-16 14:51:58...Testing user account...
2020-07-16 14:51:58...ERROR::  The provided database host, username, and/or password is invalid, and a connection to the database could not be established. Please enter a valid host, username and password
2020-07-16 14:51:58...FATAL:: errors have been detected!  User will not be allowed to continue.  Errors are as follow:
2020-07-16 14:51:58..... The provided database host, username, and/or password is invalid, and a connection to the database could not be established. Please enter a valid host, username and password
2020-07-16 14:51:58...End DB Check Process *************
2020-07-16 14:52:07...Begin DB Check Process *************
2020-07-16 14:52:07...testing with mysql:mysqli
2020-07-16 14:52:07...Basic form info is valid, continuing Process.
2020-07-16 14:52:07...Testing user account...
2020-07-16 14:52:07...ERROR::  The provided database host, username, and/or password is invalid, and a connection to the database could not be established. Please enter a valid host, username and password
2020-07-16 14:52:07...FATAL:: errors have been detected!  User will not be allowed to continue.  Errors are as follow:
2020-07-16 14:52:07..... The provided database host, username, and/or password is invalid, and a connection to the database could not be established. Please enter a valid host, username and password
2020-07-16 14:52:07...End DB Check Process *************
2020-07-16 14:53:04...Begin DB Check Process *************
2020-07-16 14:53:04...testing with mysql:mysqli
2020-07-16 14:53:04...Basic form info is valid, continuing Process.
2020-07-16 14:53:04...Testing user account...
2020-07-16 14:53:04...ERROR::  The provided database host, username, and/or password is invalid, and a connection to the database could not be established. Please enter a valid host, username and password
2020-07-16 14:53:04...FATAL:: errors have been detected!  User will not be allowed to continue.  Errors are as follow:
2020-07-16 14:53:04..... The provided database host, username, and/or password is invalid, and a connection to the database could not be established. Please enter a valid host, username and password
2020-07-16 14:53:04...End DB Check Process *************
2020-07-16 14:53:38...Begin DB Check Process *************
2020-07-16 14:53:38...testing with mysql:mysqli
2020-07-16 14:53:38...Basic form info is valid, continuing Process.
2020-07-16 14:53:38...Testing user account...
2020-07-16 14:53:38...ERROR::  The provided database host, username, and/or password is invalid, and a connection to the database could not be established. Please enter a valid host, username and password
2020-07-16 14:53:38...FATAL:: errors have been detected!  User will not be allowed to continue.  Errors are as follow:
2020-07-16 14:53:38..... The provided database host, username, and/or password is invalid, and a connection to the database could not be established. Please enter a valid host, username and password
2020-07-16 14:53:38...End DB Check Process *************
2020-07-16 14:53:49...Begin DB Check Process *************
2020-07-16 14:53:49...testing with mysql:mysqli
2020-07-16 14:53:49...Basic form info is valid, continuing Process.
2020-07-16 14:53:49...Testing user account...
2020-07-16 14:53:49...ERROR::  The provided database host, username, and/or password is invalid, and a connection to the database could not be established. Please enter a valid host, username and password
2020-07-16 14:53:49...FATAL:: errors have been detected!  User will not be allowed to continue.  Errors are as follow:
2020-07-16 14:53:49..... The provided database host, username, and/or password is invalid, and a connection to the database could not be established. Please enter a valid host, username and password
2020-07-16 14:53:49...End DB Check Process *************
2020-07-16 14:53:58...installerHook: Info: custom/install/install_hooks.php not present, no custom hooks to execute
2020-07-16 14:54:01...installerHook: Info: custom/install/install_hooks.php not present, no custom hooks to execute
2020-07-16 14:54:38...Begin DB Check Process *************
2020-07-16 14:54:38...testing with mysql:mysqli
2020-07-16 14:54:38...Basic form info is valid, continuing Process.
2020-07-16 14:54:38...Testing user account...
2020-07-16 14:54:38...ERROR::  The provided database host, username, and/or password is invalid, and a connection to the database could not be established. Please enter a valid host, username and password
2020-07-16 14:54:38...FATAL:: errors have been detected!  User will not be allowed to continue.  Errors are as follow:
2020-07-16 14:54:38..... The provided database host, username, and/or password is invalid, and a connection to the database could not be established. Please enter a valid host, username and password
2020-07-16 14:54:38...End DB Check Process *************
2020-07-16 14:55:06...Begin DB Check Process *************
2020-07-16 14:55:06...testing with mysql:mysqli
2020-07-16 14:55:06...Basic form info is valid, continuing Process.
2020-07-16 14:55:06...Testing user account...
2020-07-16 14:55:06...ERROR::  The provided database host, username, and/or password is invalid, and a connection to the database could not be established. Please enter a valid host, username and password
2020-07-16 14:55:06...FATAL:: errors have been detected!  User will not be allowed to continue.  Errors are as follow:
2020-07-16 14:55:06..... The provided database host, username, and/or password is invalid, and a connection to the database could not be established. Please enter a valid host, username and password
2020-07-16 14:55:06...End DB Check Process *************
2020-07-16 14:55:41...Begin DB Check Process *************
2020-07-16 14:55:41...testing with mysql:mysqli
2020-07-16 14:55:41...Basic form info is valid, continuing Process.
2020-07-16 14:55:41...Testing user account...
2020-07-16 14:55:41...ERROR::  The provided database host, username, and/or password is invalid, and a connection to the database could not be established. Please enter a valid host, username and password
2020-07-16 14:55:41...FATAL:: errors have been detected!  User will not be allowed to continue.  Errors are as follow:
2020-07-16 14:55:41..... The provided database host, username, and/or password is invalid, and a connection to the database could not be established. Please enter a valid host, username and password
2020-07-16 14:55:41...End DB Check Process *************
2020-07-16 14:55:59...Begin DB Check Process *************
2020-07-16 14:55:59...testing with mysql:mysqli
2020-07-16 14:55:59...Basic form info is valid, continuing Process.
2020-07-16 14:55:59...Testing user account...
2020-07-16 14:55:59...ERROR::  The provided database host, username, and/or password is invalid, and a connection to the database could not be established. Please enter a valid host, username and password
2020-07-16 14:55:59...FATAL:: errors have been detected!  User will not be allowed to continue.  Errors are as follow:
2020-07-16 14:55:59..... The provided database host, username, and/or password is invalid, and a connection to the database could not be established. Please enter a valid host, username and password
2020-07-16 14:55:59...End DB Check Process *************
2020-07-16 14:56:08...Begin DB Check Process *************
2020-07-16 14:56:08...testing with mysql:mysqli
2020-07-16 14:56:08...Basic form info is valid, continuing Process.
2020-07-16 14:56:08...Testing user account...
2020-07-16 14:56:08...ERROR::  The provided database host, username, and/or password is invalid, and a connection to the database could not be established. Please enter a valid host, username and password
2020-07-16 14:56:08...FATAL:: errors have been detected!  User will not be allowed to continue.  Errors are as follow:
2020-07-16 14:56:08..... The provided database host, username, and/or password is invalid, and a connection to the database could not be established. Please enter a valid host, username and password
2020-07-16 14:56:08...End DB Check Process *************
2020-07-16 14:57:27...Begin DB Check Process *************
2020-07-16 14:57:27...testing with mysql:mysqli
2020-07-16 14:57:27...Basic form info is valid, continuing Process.
2020-07-16 14:57:27...Testing user account...
2020-07-16 14:57:27...ERROR::  The provided database host, username, and/or password is invalid, and a connection to the database could not be established. Please enter a valid host, username and password
2020-07-16 14:57:27...FATAL:: errors have been detected!  User will not be allowed to continue.  Errors are as follow:
2020-07-16 14:57:27..... The provided database host, username, and/or password is invalid, and a connection to the database could not be established. Please enter a valid host, username and password
2020-07-16 14:57:27...End DB Check Process *************
2020-07-16 14:57:51...Begin DB Check Process *************
2020-07-16 14:57:51...testing with mysql:mysqli
2020-07-16 14:57:51...Basic form info is valid, continuing Process.
2020-07-16 14:57:51...Testing user account...
2020-07-16 14:57:51...ERROR::  The provided database host, username, and/or password is invalid, and a connection to the database could not be established. Please enter a valid host, username and password
2020-07-16 14:57:51...FATAL:: errors have been detected!  User will not be allowed to continue.  Errors are as follow:
2020-07-16 14:57:51..... The provided database host, username, and/or password is invalid, and a connection to the database could not be established. Please enter a valid host, username and password
2020-07-16 14:57:51...End DB Check Process *************
2020-07-16 14:58:08...Begin DB Check Process *************
2020-07-16 14:58:08...testing with mysql:mysqli
2020-07-16 14:58:08...Basic form info is valid, continuing Process.
2020-07-16 14:58:08...Testing user account...
2020-07-16 14:58:08...ERROR::  The provided database host, username, and/or password is invalid, and a connection to the database could not be established. Please enter a valid host, username and password
2020-07-16 14:58:08...FATAL:: errors have been detected!  User will not be allowed to continue.  Errors are as follow:
2020-07-16 14:58:08..... The provided database host, username, and/or password is invalid, and a connection to the database could not be established. Please enter a valid host, username and password
2020-07-16 14:58:08...End DB Check Process *************
2020-07-16 14:58:11...installerHook: Info: custom/install/install_hooks.php not present, no custom hooks to execute
2020-07-16 14:58:14...installerHook: Info: custom/install/install_hooks.php not present, no custom hooks to execute
2020-07-16 14:58:20...Begin DB Check Process *************
2020-07-16 14:58:20...testing with mysql:mysqli
2020-07-16 14:58:20...Basic form info is valid, continuing Process.
2020-07-16 14:58:20...Testing user account...
2020-07-16 14:58:20...ERROR::  The provided database host, username, and/or password is invalid, and a connection to the database could not be established. Please enter a valid host, username and password
2020-07-16 14:58:20...FATAL:: errors have been detected!  User will not be allowed to continue.  Errors are as follow:
2020-07-16 14:58:20..... The provided database host, username, and/or password is invalid, and a connection to the database could not be established. Please enter a valid host, username and password
2020-07-16 14:58:20...End DB Check Process *************
2020-07-16 14:58:58...installerHook: Info: custom/install/install_hooks.php not present, no custom hooks to execute
2020-07-16 14:59:23...installerHook: Info: custom/install/install_hooks.php not present, no custom hooks to execute
2020-07-16 14:59:29...Begin System Check Process *************
2020-07-16 14:59:29...XML Parsing Support Found
2020-07-16 14:59:29...MBString Support Found
2020-07-16 14:59:29...ZIP Support Found
2020-07-16 14:59:29.../custom directory and subdirectory check passed
2020-07-16 14:59:29...cache directory and subdirectory check passed
2020-07-16 14:59:31.../module  directory and subdirectory check passed
2020-07-16 14:59:31.../upload directory check passed
2020-07-16 14:59:31.../zip check passed
2020-07-16 14:59:31...PCRE version check passed
2020-07-16 14:59:31...installerHook: Info: custom/install/install_hooks.php not present, no custom hooks to execute
2020-07-16 14:59:31...php.ini location found. C:\PHP\php.ini
2020-07-16 14:59:31...Outputting HTML for System check
2020-07-16 14:59:31...No Errors were found *************
2020-07-16 14:59:31...installerHook: Info: custom/install/install_hooks.php not present, no custom hooks to execute
2020-07-16 14:59:33...installerHook: Info: custom/install/install_hooks.php not present, no custom hooks to execute
2020-07-16 14:59:36...installerHook: Info: custom/install/install_hooks.php not present, no custom hooks to execute
2020-07-16 14:59:38...installerHook: Info: custom/install/install_hooks.php not present, no custom hooks to execute
2020-07-16 15:00:35...installerHook: Info: custom/install/install_hooks.php not present, no custom hooks to execute
2020-07-16 15:00:47...Begin System Check Process *************
2020-07-16 15:00:47...XML Parsing Support Found
2020-07-16 15:00:47...MBString Support Found
2020-07-16 15:00:47...ZIP Support Found
2020-07-16 15:00:47.../custom directory and subdirectory check passed
2020-07-16 15:00:47...cache directory and subdirectory check passed
2020-07-16 15:00:48.../module  directory and subdirectory check passed
2020-07-16 15:00:48.../upload directory check passed
2020-07-16 15:00:48.../zip check passed
2020-07-16 15:00:48...PCRE version check passed
2020-07-16 15:00:48...installerHook: Info: custom/install/install_hooks.php not present, no custom hooks to execute
2020-07-16 15:00:48...php.ini location found. C:\PHP\php.ini
2020-07-16 15:00:48...Outputting HTML for System check
2020-07-16 15:00:48...No Errors were found *************
2020-07-16 15:00:48...installerHook: Info: custom/install/install_hooks.php not present, no custom hooks to execute
2020-07-16 15:00:51...installerHook: Info: custom/install/install_hooks.php not present, no custom hooks to execute
2020-07-16 15:02:22...Begin DB Check Process *************
2020-07-16 15:02:22...testing with mysql:mysqli
2020-07-16 15:02:22...Basic form info is valid, continuing Process.
2020-07-16 15:02:22...Testing user account...
2020-07-16 15:02:22...ERROR::  The provided database host, username, and/or password is invalid, and a connection to the database could not be established. Please enter a valid host, username and password
2020-07-16 15:02:22...FATAL:: errors have been detected!  User will not be allowed to continue.  Errors are as follow:
2020-07-16 15:02:22..... The provided database host, username, and/or password is invalid, and a connection to the database could not be established. Please enter a valid host, username and password
2020-07-16 15:02:22...End DB Check Process *************
2020-07-16 15:03:01...Begin DB Check Process *************
2020-07-16 15:03:01...testing with mysql:mysqli
2020-07-16 15:03:01...Basic form info is valid, continuing Process.
2020-07-16 15:03:01...Testing user account...
2020-07-16 15:03:01...ERROR::  The provided database host, username, and/or password is invalid, and a connection to the database could not be established. Please enter a valid host, username and password
2020-07-16 15:03:01...FATAL:: errors have been detected!  User will not be allowed to continue.  Errors are as follow:
2020-07-16 15:03:01..... The provided database host, username, and/or password is invalid, and a connection to the database could not be established. Please enter a valid host, username and password
2020-07-16 15:03:01...End DB Check Process *************
2020-07-16 15:03:53...Begin DB Check Process *************
2020-07-16 15:03:53...testing with mysql:mysqli
2020-07-16 15:03:53...Basic form info is valid, continuing Process.
2020-07-16 15:03:53...Testing user account...
2020-07-16 15:03:53...ERROR::  The provided database host, username, and/or password is invalid, and a connection to the database could not be established. Please enter a valid host, username and password
2020-07-16 15:03:53...FATAL:: errors have been detected!  User will not be allowed to continue.  Errors are as follow:
2020-07-16 15:03:53..... The provided database host, username, and/or password is invalid, and a connection to the database could not be established. Please enter a valid host, username and password
2020-07-16 15:03:53...End DB Check Process *************
2020-07-16 15:05:41...Begin DB Check Process *************
2020-07-16 15:05:41...testing with mysql:mysqli
2020-07-16 15:05:41...Basic form info is valid, continuing Process.
2020-07-16 15:05:41...Testing user account...
2020-07-16 15:05:41...ERROR::  The provided database host, username, and/or password is invalid, and a connection to the database could not be established. Please enter a valid host, username and password
2020-07-16 15:05:41...FATAL:: errors have been detected!  User will not be allowed to continue.  Errors are as follow:
2020-07-16 15:05:41..... The provided database host, username, and/or password is invalid, and a connection to the database could not be established. Please enter a valid host, username and password
2020-07-16 15:05:41...End DB Check Process *************
2020-07-16 15:19:42...Begin DB Check Process *************
2020-07-16 15:19:42...testing with mysql:mysqli
2020-07-16 15:19:42...Basic form info is valid, continuing Process.
2020-07-16 15:19:42...Testing user account...
2020-07-16 15:19:42...ERROR::  The provided database host, username, and/or password is invalid, and a connection to the database could not be established. Please enter a valid host, username and password
2020-07-16 15:19:42...FATAL:: errors have been detected!  User will not be allowed to continue.  Errors are as follow:
2020-07-16 15:19:42..... The provided database host, username, and/or password is invalid, and a connection to the database could not be established. Please enter a valid host, username and password
2020-07-16 15:19:42...End DB Check Process *************
2020-07-16 15:19:57...Begin DB Check Process *************
2020-07-16 15:19:57...testing with mysql:mysqli
2020-07-16 15:19:57...Basic form info is valid, continuing Process.
2020-07-16 15:19:57...Testing user account...
2020-07-16 15:19:57...ERROR::  The provided database host, username, and/or password is invalid, and a connection to the database could not be established. Please enter a valid host, username and password
2020-07-16 15:19:57...FATAL:: errors have been detected!  User will not be allowed to continue.  Errors are as follow:
2020-07-16 15:19:57..... The provided database host, username, and/or password is invalid, and a connection to the database could not be established. Please enter a valid host, username and password
2020-07-16 15:19:57...End DB Check Process *************
2020-07-16 15:20:04...Begin DB Check Process *************
2020-07-16 15:20:04...testing with mysql:mysqli
2020-07-16 15:20:04...Basic form info is valid, continuing Process.
2020-07-16 15:20:04...Testing user account...
2020-07-16 15:20:04...ERROR::  The provided database host, username, and/or password is invalid, and a connection to the database could not be established. Please enter a valid host, username and password
2020-07-16 15:20:04...FATAL:: errors have been detected!  User will not be allowed to continue.  Errors are as follow:
2020-07-16 15:20:04..... The provided database host, username, and/or password is invalid, and a connection to the database could not be established. Please enter a valid host, username and password
2020-07-16 15:20:04...End DB Check Process *************
2020-07-16 15:20:10...Begin DB Check Process *************
2020-07-16 15:20:10...testing with mysql:mysqli
2020-07-16 15:20:10...Basic form info is valid, continuing Process.
2020-07-16 15:20:10...Testing user account...
2020-07-16 15:20:10...ERROR::  The provided database host, username, and/or password is invalid, and a connection to the database could not be established. Please enter a valid host, username and password
2020-07-16 15:20:10...FATAL:: errors have been detected!  User will not be allowed to continue.  Errors are as follow:
2020-07-16 15:20:10..... The provided database host, username, and/or password is invalid, and a connection to the database could not be established. Please enter a valid host, username and password
2020-07-16 15:20:10...End DB Check Process *************
2020-07-16 15:20:25...Begin DB Check Process *************
2020-07-16 15:20:25...testing with mysql:mysqli
2020-07-16 15:20:25...Basic form info is valid, continuing Process.
2020-07-16 15:20:25...Testing user account...
2020-07-16 15:20:25...ERROR::  The provided database host, username, and/or password is invalid, and a connection to the database could not be established. Please enter a valid host, username and password
2020-07-16 15:20:25...FATAL:: errors have been detected!  User will not be allowed to continue.  Errors are as follow:
2020-07-16 15:20:25..... The provided database host, username, and/or password is invalid, and a connection to the database could not be established. Please enter a valid host, username and password
2020-07-16 15:20:25...End DB Check Process *************
2020-07-16 15:21:34...Begin DB Check Process *************
2020-07-16 15:21:34...testing with mysql:mysqli
2020-07-16 15:21:34...Basic form info is valid, continuing Process.
2020-07-16 15:21:34...Testing user account...
2020-07-16 15:21:37...ERROR::  The provided database host, username, and/or password is invalid, and a connection to the database could not be established. Please enter a valid host, username and password
2020-07-16 15:21:37...FATAL:: errors have been detected!  User will not be allowed to continue.  Errors are as follow:
2020-07-16 15:21:37..... The provided database host, username, and/or password is invalid, and a connection to the database could not be established. Please enter a valid host, username and password
2020-07-16 15:21:37...End DB Check Process *************
2020-07-16 15:21:47...Begin DB Check Process *************
2020-07-16 15:21:47...testing with mysql:mysqli
2020-07-16 15:21:47...Basic form info is valid, continuing Process.
2020-07-16 15:21:47...Testing user account...
2020-07-16 15:21:49...ERROR::  The provided database host, username, and/or password is invalid, and a connection to the database could not be established. Please enter a valid host, username and password
2020-07-16 15:21:49...FATAL:: errors have been detected!  User will not be allowed to continue.  Errors are as follow:
2020-07-16 15:21:49..... The provided database host, username, and/or password is invalid, and a connection to the database could not be established. Please enter a valid host, username and password
2020-07-16 15:21:49...End DB Check Process *************
2020-07-16 15:22:24...Begin DB Check Process *************
2020-07-16 15:22:24...testing with mysql:mysqli
2020-07-16 15:22:24...Basic form info is valid, continuing Process.
2020-07-16 15:22:24...Testing user account...
2020-07-16 15:22:24...ERROR::  The provided database host, username, and/or password is invalid, and a connection to the database could not be established. Please enter a valid host, username and password
2020-07-16 15:22:24...FATAL:: errors have been detected!  User will not be allowed to continue.  Errors are as follow:
2020-07-16 15:22:24..... The provided database host, username, and/or password is invalid, and a connection to the database could not be established. Please enter a valid host, username and password
2020-07-16 15:22:24...End DB Check Process *************
2020-07-16 15:22:28...Begin DB Check Process *************
2020-07-16 15:22:28...testing with mysql:mysqli
2020-07-16 15:22:28...Basic form info is valid, continuing Process.
2020-07-16 15:22:28...Testing user account...
2020-07-16 15:22:29...ERROR::  The provided database host, username, and/or password is invalid, and a connection to the database could not be established. Please enter a valid host, username and password
2020-07-16 15:22:29...FATAL:: errors have been detected!  User will not be allowed to continue.  Errors are as follow:
2020-07-16 15:22:29..... The provided database host, username, and/or password is invalid, and a connection to the database could not be established. Please enter a valid host, username and password
2020-07-16 15:22:29...End DB Check Process *************
2020-07-16 15:22:37...Begin DB Check Process *************
2020-07-16 15:22:37...testing with mysql:mysqli
2020-07-16 15:22:37...Basic form info is valid, continuing Process.
2020-07-16 15:22:37...Testing user account...
2020-07-16 15:22:37...ERROR::  The provided database host, username, and/or password is invalid, and a connection to the database could not be established. Please enter a valid host, username and password
2020-07-16 15:22:37...FATAL:: errors have been detected!  User will not be allowed to continue.  Errors are as follow:
2020-07-16 15:22:37..... The provided database host, username, and/or password is invalid, and a connection to the database could not be established. Please enter a valid host, username and password
2020-07-16 15:22:37...End DB Check Process *************
2020-07-16 15:23:42...Begin DB Check Process *************
2020-07-16 15:23:42...testing with mysql:mysqli
2020-07-16 15:23:42...Basic form info is valid, continuing Process.
2020-07-16 15:23:42...Testing user account...
2020-07-16 15:23:42...ERROR::  The provided database host, username, and/or password is invalid, and a connection to the database could not be established. Please enter a valid host, username and password
2020-07-16 15:23:42...FATAL:: errors have been detected!  User will not be allowed to continue.  Errors are as follow:
2020-07-16 15:23:42..... The provided database host, username, and/or password is invalid, and a connection to the database could not be established. Please enter a valid host, username and password
2020-07-16 15:23:42...End DB Check Process *************
2020-07-16 15:23:50...Begin DB Check Process *************
2020-07-16 15:23:50...testing with mysql:mysqli
2020-07-16 15:23:50...Basic form info is valid, continuing Process.
2020-07-16 15:23:50...Testing user account...
2020-07-16 15:23:50...ERROR::  The provided database host, username, and/or password is invalid, and a connection to the database could not be established. Please enter a valid host, username and password
2020-07-16 15:23:50...FATAL:: errors have been detected!  User will not be allowed to continue.  Errors are as follow:
2020-07-16 15:23:50..... The provided database host, username, and/or password is invalid, and a connection to the database could not be established. Please enter a valid host, username and password
2020-07-16 15:23:50...End DB Check Process *************
2020-07-16 15:29:04...installerHook: Info: custom/install/install_hooks.php not present, no custom hooks to execute
2020-07-16 15:29:13...Begin System Check Process *************
2020-07-16 15:29:13...XML Parsing Support Found
2020-07-16 15:29:13...MBString Support Found
2020-07-16 15:29:13...ZIP Support Found
2020-07-16 15:29:13.../custom directory and subdirectory check passed
2020-07-16 15:29:13...cache directory and subdirectory check passed
2020-07-16 15:29:15.../module  directory and subdirectory check passed
2020-07-16 15:29:15.../upload directory check passed
2020-07-16 15:29:15.../zip check passed
2020-07-16 15:29:15...PCRE version check passed
2020-07-16 15:29:15...installerHook: Info: custom/install/install_hooks.php not present, no custom hooks to execute
2020-07-16 15:29:15...php.ini location found. C:\PHP\php.ini
2020-07-16 15:29:15...Outputting HTML for System check
2020-07-16 15:29:15...No Errors were found *************
2020-07-16 15:29:16...installerHook: Info: custom/install/install_hooks.php not present, no custom hooks to execute
2020-07-16 15:29:18...installerHook: Info: custom/install/install_hooks.php not present, no custom hooks to execute
2020-07-16 15:29:29...Begin DB Check Process *************
2020-07-16 15:29:29...testing with mysql:mysqli
2020-07-16 15:29:29...Basic form info is valid, continuing Process.
2020-07-16 15:29:29...Testing user account...
2020-07-16 15:29:29...ERROR::  The provided database host, username, and/or password is invalid, and a connection to the database could not be established. Please enter a valid host, username and password
2020-07-16 15:29:29...FATAL:: errors have been detected!  User will not be allowed to continue.  Errors are as follow:
2020-07-16 15:29:29..... The provided database host, username, and/or password is invalid, and a connection to the database could not be established. Please enter a valid host, username and password
2020-07-16 15:29:29...End DB Check Process *************
2020-07-16 16:53:59...installerHook: Info: custom/install/install_hooks.php not present, no custom hooks to execute
2020-07-16 16:54:30...Begin DB Check Process *************
2020-07-16 16:54:30...testing with mssql:sqlsrv
2020-07-16 16:54:30...Basic form info is valid, continuing Process.
2020-07-16 16:54:30...Testing user account...
2020-07-16 16:54:31...Connection made using  host: localhost, usr: sa
2020-07-16 16:54:31...SUCCESS:: no errors detected!
2020-07-16 16:54:31...End DB Check Process *************
2020-07-16 16:54:32...installerHook: Info: custom/install/install_hooks.php not present, no custom hooks to execute
2020-07-16 16:54:32...calling handleSugarConfig()
2020-07-16 16:54:32...calling handleHtaccess()
2020-07-16 16:54:32...calling handleDbCreateDatabase()
2020-07-16 16:54:40...looping through all the Beans and create their tables
2020-07-16 16:54:40...processing table acl_actions
2020-07-16 16:54:41...creating table acl_actions
2020-07-16 16:54:41...creating Relationship Meta for ACLAction
2020-07-16 16:54:41...processing table acl_roles
2020-07-16 16:54:41...creating table acl_roles
2020-07-16 16:54:41...creating Relationship Meta for ACLRole
2020-07-16 16:54:41...processing table relationships
2020-07-16 16:54:42...creating table relationships
2020-07-16 16:54:42...creating Relationship Meta for Relationship
2020-07-16 16:54:42...processing table leads
2020-07-16 16:54:45...creating table leads
2020-07-16 16:54:45...creating Relationship Meta for Lead
2020-07-16 16:54:45...processing table cases
2020-07-16 16:54:45...creating table cases
2020-07-16 16:54:45...creating Relationship Meta for Case
2020-07-16 16:54:45...processing table bugs
2020-07-16 16:54:45...creating table bugs
2020-07-16 16:54:45...creating Relationship Meta for Bug
2020-07-16 16:54:46...processing table users
2020-07-16 16:54:46...creating table users
2020-07-16 16:54:46...creating Relationship Meta for User
2020-07-16 16:54:46...processing table campaign_log
2020-07-16 16:54:46...creating table campaign_log
2020-07-16 16:54:46...creating Relationship Meta for CampaignLog
2020-07-16 16:54:46...processing table project
2020-07-16 16:54:46...creating table project
2020-07-16 16:54:46...creating Relationship Meta for Project
2020-07-16 16:54:46...processing table project_task
2020-07-16 16:54:46...creating table project_task
2020-07-16 16:54:46...creating Relationship Meta for ProjectTask
2020-07-16 16:54:47...processing table campaigns
2020-07-16 16:54:47...creating table campaigns
2020-07-16 16:54:47...creating Relationship Meta for Campaign
2020-07-16 16:54:47...processing table prospect_lists
2020-07-16 16:54:47...creating table prospect_lists
2020-07-16 16:54:47...creating Relationship Meta for ProspectList
2020-07-16 16:54:47...processing table prospects
2020-07-16 16:54:47...creating table prospects
2020-07-16 16:54:47...creating Relationship Meta for Prospect
2020-07-16 16:54:47...processing table email_marketing
2020-07-16 16:54:48...creating table email_marketing
2020-07-16 16:54:48...creating Relationship Meta for EmailMarketing
2020-07-16 16:54:48...processing table campaign_trkrs
2020-07-16 16:54:48...creating table campaign_trkrs
2020-07-16 16:54:48...creating Relationship Meta for CampaignTracker
2020-07-16 16:54:48...processing table releases
2020-07-16 16:54:48...creating table releases
2020-07-16 16:54:48...creating Relationship Meta for Release
2020-07-16 16:54:48...processing table emailman
2020-07-16 16:54:48...creating table emailman
2020-07-16 16:54:48...creating Relationship Meta for EmailMan
2020-07-16 16:54:48...processing table schedulers
2020-07-16 16:54:48...creating table schedulers
2020-07-16 16:54:48...creating Relationship Meta for Scheduler
2020-07-16 16:54:48...processing table job_queue
2020-07-16 16:54:48...creating table job_queue
2020-07-16 16:54:48...creating Relationship Meta for SchedulersJob
2020-07-16 16:54:48...processing table contacts
2020-07-16 16:54:48...creating table contacts
2020-07-16 16:54:48...creating Relationship Meta for Contact
2020-07-16 16:54:48...processing table accounts
2020-07-16 16:54:49...creating table accounts
2020-07-16 16:54:49...creating Relationship Meta for Account
2020-07-16 16:54:49...processing table opportunities
2020-07-16 16:54:49...creating table opportunities
2020-07-16 16:54:49...creating Relationship Meta for Opportunity
2020-07-16 16:54:49...processing table email_templates
2020-07-16 16:54:49...creating table email_templates
2020-07-16 16:54:49...creating Relationship Meta for EmailTemplate
2020-07-16 16:54:49...processing table notes
2020-07-16 16:54:49...creating table notes
2020-07-16 16:54:49...creating Relationship Meta for Note
2020-07-16 16:54:50...processing table calls
2020-07-16 16:54:50...creating table calls
2020-07-16 16:54:50...creating Relationship Meta for Call
2020-07-16 16:54:50...processing table emails
2020-07-16 16:54:50...creating table emails
2020-07-16 16:54:50...creating Relationship Meta for Email
2020-07-16 16:54:50...processing table meetings
2020-07-16 16:54:50...creating table meetings
2020-07-16 16:54:50...creating Relationship Meta for Meeting
2020-07-16 16:54:50...processing table tasks
2020-07-16 16:54:50...creating table tasks
2020-07-16 16:54:50...creating Relationship Meta for Task
2020-07-16 16:54:50...processing table users
2020-07-16 16:54:51...processing table users
2020-07-16 16:54:51...processing table currencies
2020-07-16 16:54:51...creating table currencies
2020-07-16 16:54:51...creating Relationship Meta for Currency
2020-07-16 16:54:51...processing table tracker
2020-07-16 16:54:51...creating table tracker
2020-07-16 16:54:51...creating Relationship Meta for Tracker
2020-07-16 16:54:51...processing table import_maps
2020-07-16 16:54:51...creating table import_maps
2020-07-16 16:54:51...creating Relationship Meta for ImportMap
2020-07-16 16:54:51...processing table users_last_import
2020-07-16 16:54:51...creating table users_last_import
2020-07-16 16:54:51...creating Relationship Meta for UsersLastImport
2020-07-16 16:54:51...processing table config
2020-07-16 16:54:51...creating table config
2020-07-16 16:54:51...creating Relationship Meta for Administration
2020-07-16 16:54:51...processing table upgrade_history
2020-07-16 16:54:51...creating table upgrade_history
2020-07-16 16:54:51...creating Relationship Meta for UpgradeHistory
2020-07-16 16:54:51...processing table vcals
2020-07-16 16:54:51...creating table vcals
2020-07-16 16:54:51...creating Relationship Meta for vCal
2020-07-16 16:54:51...processing table alerts
2020-07-16 16:54:51...creating table alerts
2020-07-16 16:54:51...creating Relationship Meta for Alert
2020-07-16 16:54:51...processing table roles
2020-07-16 16:54:51...creating table roles
2020-07-16 16:54:51...creating Relationship Meta for Role
2020-07-16 16:54:51...processing table documents
2020-07-16 16:54:51...creating table documents
2020-07-16 16:54:51...creating Relationship Meta for Document
2020-07-16 16:54:51...processing table document_revisions
2020-07-16 16:54:51...creating table document_revisions
2020-07-16 16:54:51...creating Relationship Meta for DocumentRevision
2020-07-16 16:54:52...processing table fields_meta_data
2020-07-16 16:54:52...creating table fields_meta_data
2020-07-16 16:54:52...creating Relationship Meta for FieldsMetaData
2020-07-16 16:54:52...processing table 
2020-07-16 16:54:52...creating table 
2020-07-16 16:54:52...creating Relationship Meta for Audit
2020-07-16 16:54:52...processing table inbound_email
2020-07-16 16:54:52...creating table inbound_email
2020-07-16 16:54:52...creating Relationship Meta for InboundEmail
2020-07-16 16:54:52...processing table saved_search
2020-07-16 16:54:52...creating table saved_search
2020-07-16 16:54:52...creating Relationship Meta for SavedSearch
2020-07-16 16:54:52...processing table user_preferences
2020-07-16 16:54:52...creating table user_preferences
2020-07-16 16:54:52...creating Relationship Meta for UserPreference
2020-07-16 16:54:52...processing table 
2020-07-16 16:54:52...processing table email_addresses
2020-07-16 16:54:52...creating table email_addresses
2020-07-16 16:54:52...creating Relationship Meta for EmailAddress
2020-07-16 16:54:52...processing table emails_text
2020-07-16 16:54:52...creating table emails_text
2020-07-16 16:54:52...creating Relationship Meta for EmailText
2020-07-16 16:54:52...processing table spots
2020-07-16 16:54:52...creating table spots
2020-07-16 16:54:52...creating Relationship Meta for Spots
2020-07-16 16:54:52...processing table aobh_businesshours
2020-07-16 16:54:52...creating table aobh_businesshours
2020-07-16 16:54:52...creating Relationship Meta for AOBH_BusinessHours
2020-07-16 16:54:53...processing table sugarfeed
2020-07-16 16:54:53...creating table sugarfeed
2020-07-16 16:54:53...creating Relationship Meta for SugarFeed
2020-07-16 16:54:53...processing table eapm
2020-07-16 16:54:53...creating table eapm
2020-07-16 16:54:53...creating Relationship Meta for EAPM
2020-07-16 16:54:53...processing table oauth_consumer
2020-07-16 16:54:53...creating table oauth_consumer
2020-07-16 16:54:53...creating Relationship Meta for OAuthKey
2020-07-16 16:54:53...processing table oauth_tokens
2020-07-16 16:54:53...creating table oauth_tokens
2020-07-16 16:54:53...creating Relationship Meta for OAuthToken
2020-07-16 16:54:53...processing table am_projecttemplates
2020-07-16 16:54:53...creating table am_projecttemplates
2020-07-16 16:54:53...creating Relationship Meta for AM_ProjectTemplates
2020-07-16 16:54:53...processing table am_tasktemplates
2020-07-16 16:54:54...creating table am_tasktemplates
2020-07-16 16:54:54...creating Relationship Meta for AM_TaskTemplates
2020-07-16 16:54:54...processing table favorites
2020-07-16 16:54:54...creating table favorites
2020-07-16 16:54:54...creating Relationship Meta for Favorites
2020-07-16 16:54:54...processing table aok_knowledge_base_categories
2020-07-16 16:54:54...creating table aok_knowledge_base_categories
2020-07-16 16:54:54...creating Relationship Meta for AOK_Knowledge_Base_Categories
2020-07-16 16:54:54...processing table aok_knowledgebase
2020-07-16 16:54:54...creating table aok_knowledgebase
2020-07-16 16:54:54...creating Relationship Meta for AOK_KnowledgeBase
2020-07-16 16:54:54...processing table reminders
2020-07-16 16:54:54...creating table reminders
2020-07-16 16:54:54...creating Relationship Meta for Reminder
2020-07-16 16:54:54...processing table reminders_invitees
2020-07-16 16:54:54...creating table reminders_invitees
2020-07-16 16:54:54...creating Relationship Meta for Reminder_Invitee
2020-07-16 16:54:54...processing table fp_events
2020-07-16 16:54:54...creating table fp_events
2020-07-16 16:54:54...creating Relationship Meta for FP_events
2020-07-16 16:54:54...processing table fp_event_locations
2020-07-16 16:54:55...creating table fp_event_locations
2020-07-16 16:54:55...creating Relationship Meta for FP_Event_Locations
2020-07-16 16:54:55...processing table aod_indexevent
2020-07-16 16:54:55...creating table aod_indexevent
2020-07-16 16:54:55...creating Relationship Meta for AOD_IndexEvent
2020-07-16 16:54:55...processing table aod_index
2020-07-16 16:54:55...creating table aod_index
2020-07-16 16:54:55...creating Relationship Meta for AOD_Index
2020-07-16 16:54:55...processing table aop_case_events
2020-07-16 16:54:56...creating table aop_case_events
2020-07-16 16:54:56...creating Relationship Meta for AOP_Case_Events
2020-07-16 16:54:56...processing table aop_case_updates
2020-07-16 16:54:56...creating table aop_case_updates
2020-07-16 16:54:56...creating Relationship Meta for AOP_Case_Updates
2020-07-16 16:54:56...processing table aor_reports
2020-07-16 16:54:56...creating table aor_reports
2020-07-16 16:54:56...creating Relationship Meta for AOR_Report
2020-07-16 16:54:56...processing table aor_fields
2020-07-16 16:54:56...creating table aor_fields
2020-07-16 16:54:56...creating Relationship Meta for AOR_Field
2020-07-16 16:54:56...processing table aor_charts
2020-07-16 16:54:56...creating table aor_charts
2020-07-16 16:54:56...creating Relationship Meta for AOR_Chart
2020-07-16 16:54:56...processing table aor_conditions
2020-07-16 16:54:56...creating table aor_conditions
2020-07-16 16:54:56...creating Relationship Meta for AOR_Condition
2020-07-16 16:54:56...processing table aor_scheduled_reports
2020-07-16 16:54:57...creating table aor_scheduled_reports
2020-07-16 16:54:57...creating Relationship Meta for AOR_Scheduled_Reports
2020-07-16 16:54:57...processing table aos_contracts
2020-07-16 16:54:57...creating table aos_contracts
2020-07-16 16:54:57...creating Relationship Meta for AOS_Contracts
2020-07-16 16:54:57...processing table aos_invoices
2020-07-16 16:54:57...creating table aos_invoices
2020-07-16 16:54:57...creating Relationship Meta for AOS_Invoices
2020-07-16 16:54:57...processing table aos_pdf_templates
2020-07-16 16:54:57...creating table aos_pdf_templates
2020-07-16 16:54:57...creating Relationship Meta for AOS_PDF_Templates
2020-07-16 16:54:57...processing table aos_product_categories
2020-07-16 16:54:58...creating table aos_product_categories
2020-07-16 16:54:58...creating Relationship Meta for AOS_Product_Categories
2020-07-16 16:54:58...processing table aos_products
2020-07-16 16:54:58...creating table aos_products
2020-07-16 16:54:58...creating Relationship Meta for AOS_Products
2020-07-16 16:54:58...processing table aos_products_quotes
2020-07-16 16:54:58...creating table aos_products_quotes
2020-07-16 16:54:58...creating Relationship Meta for AOS_Products_Quotes
2020-07-16 16:54:58...processing table aos_line_item_groups
2020-07-16 16:54:58...creating table aos_line_item_groups
2020-07-16 16:54:58...creating Relationship Meta for AOS_Line_Item_Groups
2020-07-16 16:54:58...processing table aos_quotes
2020-07-16 16:54:58...creating table aos_quotes
2020-07-16 16:54:58...creating Relationship Meta for AOS_Quotes
2020-07-16 16:54:59...processing table aow_actions
2020-07-16 16:54:59...creating table aow_actions
2020-07-16 16:54:59...creating Relationship Meta for AOW_Action
2020-07-16 16:54:59...processing table aow_workflow
2020-07-16 16:54:59...creating table aow_workflow
2020-07-16 16:54:59...creating Relationship Meta for AOW_WorkFlow
2020-07-16 16:54:59...processing table aow_processed
2020-07-16 16:54:59...creating table aow_processed
2020-07-16 16:54:59...creating Relationship Meta for AOW_Processed
2020-07-16 16:54:59...processing table aow_conditions
2020-07-16 16:54:59...creating table aow_conditions
2020-07-16 16:54:59...creating Relationship Meta for AOW_Condition
2020-07-16 16:54:59...processing table jjwg_maps
2020-07-16 16:54:59...creating table jjwg_maps
2020-07-16 16:54:59...creating Relationship Meta for jjwg_Maps
2020-07-16 16:55:00...processing table jjwg_markers
2020-07-16 16:55:00...creating table jjwg_markers
2020-07-16 16:55:00...creating Relationship Meta for jjwg_Markers
2020-07-16 16:55:00...processing table jjwg_areas
2020-07-16 16:55:00...creating table jjwg_areas
2020-07-16 16:55:00...creating Relationship Meta for jjwg_Areas
2020-07-16 16:55:00...processing table jjwg_address_cache
2020-07-16 16:55:00...creating table jjwg_address_cache
2020-07-16 16:55:00...creating Relationship Meta for jjwg_Address_Cache
2020-07-16 16:55:00...processing table calls_reschedule
2020-07-16 16:55:00...creating table calls_reschedule
2020-07-16 16:55:00...creating Relationship Meta for Calls_Reschedule
2020-07-16 16:55:00...processing table securitygroups
2020-07-16 16:55:01...creating table securitygroups
2020-07-16 16:55:01...creating Relationship Meta for SecurityGroup
2020-07-16 16:55:01...processing table outbound_email
2020-07-16 16:55:01...creating table outbound_email
2020-07-16 16:55:01...creating Relationship Meta for OutboundEmailAccounts
2020-07-16 16:55:01...processing table templatesectionline
2020-07-16 16:55:01...creating table templatesectionline
2020-07-16 16:55:01...creating Relationship Meta for TemplateSectionLine
2020-07-16 16:55:01...processing table oauth2tokens
2020-07-16 16:55:01...creating table oauth2tokens
2020-07-16 16:55:01...creating Relationship Meta for OAuth2Tokens
2020-07-16 16:55:01...processing table oauth2clients
2020-07-16 16:55:01...creating table oauth2clients
2020-07-16 16:55:01...creating Relationship Meta for OAuth2Clients
2020-07-16 16:55:01...processing table surveyresponses
2020-07-16 16:55:02...creating table surveyresponses
2020-07-16 16:55:02...creating Relationship Meta for SurveyResponses
2020-07-16 16:55:02...processing table surveys
2020-07-16 16:55:02...creating table surveys
2020-07-16 16:55:02...creating Relationship Meta for Surveys
2020-07-16 16:55:02...processing table surveyquestionresponses
2020-07-16 16:55:02...creating table surveyquestionresponses
2020-07-16 16:55:02...creating Relationship Meta for SurveyQuestionResponses
2020-07-16 16:55:02...processing table surveyquestions
2020-07-16 16:55:02...creating table surveyquestions
2020-07-16 16:55:02...creating Relationship Meta for SurveyQuestions
2020-07-16 16:55:02...processing table surveyquestionoptions
2020-07-16 16:55:02...creating table surveyquestionoptions
2020-07-16 16:55:02...creating Relationship Meta for SurveyQuestionOptions
2020-07-16 16:55:05...Begin creating Defaults
2020-07-16 16:55:05...insert defaults into config table
2020-07-16 16:55:05...Creating default users
2020-07-16 16:55:05...Creating default scheduler jobs
2020-07-16 16:55:05...Enable SugarFeeds
2020-07-16 16:55:06...Installation has completed *********
2020-07-16 16:55:30...populating the db with seed data
2020-07-16 16:55:30...Save configuration settings..
2020-07-16 16:55:30...save locale
2020-07-16 16:55:30...new Administration
2020-07-16 16:55:30...retrieveSettings
2020-07-16 16:55:30...AdminWizard OFF
2020-07-16 16:55:30...saveConfig
2020-07-16 16:55:30...new Configurator
2020-07-16 16:55:30...populateFromPost
2020-07-16 16:55:30...handleOverride
2020-07-16 16:55:30...addCronAllowedUser
2020-07-16 16:55:31...saveConfig
2020-07-16 16:55:31...new Currency
2020-07-16 16:55:31...retrieve
2020-07-16 16:55:31...DBG: save currency
2020-07-16 16:55:31...Save user settings..
2020-07-16 16:55:33...DBG: SugarThemeRegistry::getDefault
2020-07-16 16:56:21...installerHook: Info: custom/install/install_hooks.php not present, no custom hooks to execute